-------------------------------------------------------------------------------
Test set: com.etna.gpe.GpeBackendApplicationTests
-------------------------------------------------------------------------------
Tests run: 1, Failures: 0, Errors: 1, Skipped: 0, Time elapsed: 5.655 s <<< FAILURE! - in com.etna.gpe.GpeBackendApplicationTests
contextLoads  Time elapsed: 0.001 s  <<< ERROR!
java.lang.IllegalStateException: Failed to load ApplicationContext
Caused by: org.springframework.beans.factory.UnsatisfiedDependencyException: Error creating bean with name 'jwtRequestFilter': Unsatisfied dependency expressed through field 'authenticationManager'; nested exception is org.springframework.beans.factory.UnsatisfiedDependencyException: Error creating bean with name 'webSecurityConfig': Unsatisfied dependency expressed through field 'userDetailsService'; nested exception is org.springframework.beans.factory.UnsatisfiedDependencyException: Error creating bean with name 'jwtUserDetailsService': Unsatisfied dependency expressed through field 'particularRepository'; nested exception is org.springframework.beans.factory.BeanCreationException: Error creating bean with name 'particularRepository': Invocation of init method failed; nested exception is java.lang.IllegalArgumentException: Failed to create query for method public abstract java.util.List com.etna.gpe.repository.ParticularRepository.getAllParticular()! No property getAllParticular found for type Particular!
Caused by: org.springframework.beans.factory.UnsatisfiedDependencyException: Error creating bean with name 'webSecurityConfig': Unsatisfied dependency expressed through field 'userDetailsService'; nested exception is org.springframework.beans.factory.UnsatisfiedDependencyException: Error creating bean with name 'jwtUserDetailsService': Unsatisfied dependency expressed through field 'particularRepository'; nested exception is org.springframework.beans.factory.BeanCreationException: Error creating bean with name 'particularRepository': Invocation of init method failed; nested exception is java.lang.IllegalArgumentException: Failed to create query for method public abstract java.util.List com.etna.gpe.repository.ParticularRepository.getAllParticular()! No property getAllParticular found for type Particular!
Caused by: org.springframework.beans.factory.UnsatisfiedDependencyException: Error creating bean with name 'jwtUserDetailsService': Unsatisfied dependency expressed through field 'particularRepository'; nested exception is org.springframework.beans.factory.BeanCreationException: Error creating bean with name 'particularRepository': Invocation of init method failed; nested exception is java.lang.IllegalArgumentException: Failed to create query for method public abstract java.util.List com.etna.gpe.repository.ParticularRepository.getAllParticular()! No property getAllParticular found for type Particular!
Caused by: org.springframework.beans.factory.BeanCreationException: Error creating bean with name 'particularRepository': Invocation of init method failed; nested exception is java.lang.IllegalArgumentException: Failed to create query for method public abstract java.util.List com.etna.gpe.repository.ParticularRepository.getAllParticular()! No property getAllParticular found for type Particular!
Caused by: java.lang.IllegalArgumentException: Failed to create query for method public abstract java.util.List com.etna.gpe.repository.ParticularRepository.getAllParticular()! No property getAllParticular found for type Particular!
Caused by: org.springframework.data.mapping.PropertyReferenceException: No property getAllParticular found for type Particular!

